[INFO] Scanning for projects...
[INFO] 
[INFO] -----------------< com.devtoolkit:devtoolkit-backend >------------------
[INFO] Building devtoolkit-backend 0.1.0
[INFO]   from pom.xml
[INFO] --------------------------------[ jar ]---------------------------------
[INFO] 
[INFO] >>> spring-boot:3.1.0:run (default-cli) > test-compile @ devtoolkit-backend >>>
[INFO] 
[INFO] --- resources:3.3.1:resources (default-resources) @ devtoolkit-backend ---
[INFO] Copying 1 resource from src/main/resources to target/classes
[INFO] Copying 0 resource from src/main/resources to target/classes
[INFO] 
[INFO] --- compiler:3.11.0:compile (default-compile) @ devtoolkit-backend ---
[INFO] Nothing to compile - all classes are up to date
[INFO] 
[INFO] --- resources:3.3.1:testResources (default-testResources) @ devtoolkit-backend ---
[INFO] skip non existing resourceDirectory /Users/zahidakhtar/Documents/devtoolkit/devtoolkit/src/test/resources
[INFO] 
[INFO] --- compiler:3.11.0:testCompile (default-testCompile) @ devtoolkit-backend ---
[INFO] No sources to compile
[INFO] 
[INFO] <<< spring-boot:3.1.0:run (default-cli) < test-compile @ devtoolkit-backend <<<
[INFO] 
[INFO] 
[INFO] --- spring-boot:3.1.0:run (default-cli) @ devtoolkit-backend ---
[INFO] Attaching agents: []

  .   ____          _            __ _ _
 /\\ / ___'_ __ _ _(_)_ __  __ _ \ \ \ \
( ( )\___ | '_ | '_| | '_ \/ _` | \ \ \ \
 \\/  ___)| |_)| | | | | || (_| |  ) ) ) )
  '  |____| .__|_| |_|_| |_\__, | / / / /
 =========|_|==============|___/=/_/_/_/
 :: Spring Boot ::                (v3.1.0)

2025-07-23 19:58:02 [main] INFO  c.devtoolkit.DevToolkitApplication - Starting DevToolkitApplication using Java 17.0.10 with PID 96126 (/Users/zahidakhtar/Documents/devtoolkit/devtoolkit/target/classes started by zahidakhtar in /Users/zahidakhtar/Documents/devtoolkit/devtoolkit)
2025-07-23 19:58:02 [main] DEBUG c.devtoolkit.DevToolkitApplication - Running with Spring Boot v3.1.0, Spring v6.0.9
2025-07-23 19:58:02 [main] INFO  c.devtoolkit.DevToolkitApplication - No active profile set, falling back to 1 default profile: "default"
2025-07-23 19:58:03 [main] INFO  c.u.j.c.EnableEncryptablePropertiesBeanFactoryPostProcessor - Post-processing PropertySource instances
2025-07-23 19:58:03 [main] INFO  c.u.j.EncryptablePropertySourceConverter - Skipping PropertySource configurationProperties [class org.springframework.boot.context.properties.source.ConfigurationPropertySourcesPropertySource
2025-07-23 19:58:03 [main] INFO  c.u.j.EncryptablePropertySourceConverter - Skipping PropertySource servletConfigInitParams [class org.springframework.core.env.PropertySource$StubPropertySource
2025-07-23 19:58:03 [main] INFO  c.u.j.EncryptablePropertySourceConverter - Skipping PropertySource servletContextInitParams [class org.springframework.core.env.PropertySource$StubPropertySource
2025-07-23 19:58:03 [main] INFO  c.u.j.EncryptablePropertySourceConverter - Converting PropertySource systemProperties [org.springframework.core.env.PropertiesPropertySource] to EncryptableMapPropertySourceWrapper
2025-07-23 19:58:03 [main] INFO  c.u.j.EncryptablePropertySourceConverter - Converting PropertySource systemEnvironment [org.springframework.boot.env.SystemEnvironmentPropertySourceEnvironmentPostProcessor$OriginAwareSystemEnvironmentPropertySource] to EncryptableSystemEnvironmentPropertySourceWrapper
2025-07-23 19:58:03 [main] INFO  c.u.j.EncryptablePropertySourceConverter - Converting PropertySource random [org.springframework.boot.env.RandomValuePropertySource] to EncryptablePropertySourceWrapper
2025-07-23 19:58:03 [main] INFO  c.u.j.EncryptablePropertySourceConverter - Converting PropertySource Config resource 'class path resource [application.properties]' via location 'optional:classpath:/' [org.springframework.boot.env.OriginTrackedMapPropertySource] to EncryptableMapPropertySourceWrapper
2025-07-23 19:58:03 [main] INFO  c.u.j.f.DefaultLazyPropertyFilter - Property Filter custom Bean not found with name 'encryptablePropertyFilter'. Initializing Default Property Filter
2025-07-23 19:58:03 [main] INFO  c.u.j.r.DefaultLazyPropertyResolver - Property Resolver custom Bean not found with name 'encryptablePropertyResolver'. Initializing Default Property Resolver
2025-07-23 19:58:03 [main] INFO  c.u.j.d.DefaultLazyPropertyDetector - Property Detector custom Bean not found with name 'encryptablePropertyDetector'. Initializing Default Property Detector
2025-07-23 19:58:03 [main] INFO  o.s.b.w.e.tomcat.TomcatWebServer - Tomcat initialized with port(s): 8080 (http)
2025-07-23 19:58:03 [main] INFO  o.a.catalina.core.StandardService - Starting service [Tomcat]
2025-07-23 19:58:03 [main] INFO  o.a.catalina.core.StandardEngine - Starting Servlet engine: [Apache Tomcat/10.1.8]
2025-07-23 19:58:03 [main] INFO  o.a.c.c.C.[.[localhost].[/api] - Initializing Spring embedded WebApplicationContext
2025-07-23 19:58:03 [main] INFO  o.s.b.w.s.c.ServletWebServerApplicationContext - Root WebApplicationContext: initialization completed in 444 ms
2025-07-23 19:58:03 [main] WARN  o.s.b.a.s.s.UserDetailsServiceAutoConfiguration - 

Using generated security password: 33b10f87-c1ec-4dfc-bad0-93a99eafa051

This generated password is for development use only. Your security configuration must be updated before running your application in production.

2025-07-23 19:58:03 [main] INFO  o.s.s.web.DefaultSecurityFilterChain - Will secure any request with [org.springframework.security.web.session.DisableEncodeUrlFilter@58d6b7b9, org.springframework.security.web.context.request.async.WebAsyncManagerIntegrationFilter@3f1a4795, org.springframework.security.web.context.SecurityContextHolderFilter@26c89563, org.springframework.security.web.header.HeaderWriterFilter@2d4608a6, org.springframework.web.filter.CorsFilter@6a6f6c7e, org.springframework.security.web.authentication.logout.LogoutFilter@257e0827, org.springframework.security.web.savedrequest.RequestCacheAwareFilter@58f437b0, org.springframework.security.web.servletapi.SecurityContextHolderAwareRequestFilter@354e7004, org.springframework.security.web.authentication.AnonymousAuthenticationFilter@6c5ddccd, org.springframework.security.web.access.ExceptionTranslationFilter@1d12e953, org.springframework.security.web.access.intercept.AuthorizationFilter@24a86066]
2025-07-23 19:58:03 [main] INFO  o.s.b.w.e.tomcat.TomcatWebServer - Tomcat started on port(s): 8080 (http) with context path '/api'
2025-07-23 19:58:03 [main] INFO  c.u.j.c.RefreshScopeRefreshedEventListener - Refreshing cached encryptable property sources on ServletWebServerInitializedEvent
2025-07-23 19:58:03 [main] INFO  c.u.j.c.CachingDelegateEncryptablePropertySource - Property Source systemProperties refreshed
2025-07-23 19:58:03 [main] INFO  c.u.j.c.CachingDelegateEncryptablePropertySource - Property Source systemEnvironment refreshed
2025-07-23 19:58:03 [main] INFO  c.u.j.c.CachingDelegateEncryptablePropertySource - Property Source random refreshed
2025-07-23 19:58:03 [main] INFO  c.u.j.c.CachingDelegateEncryptablePropertySource - Property Source Config resource 'class path resource [application.properties]' via location 'optional:classpath:/' refreshed
2025-07-23 19:58:03 [main] INFO  c.u.j.EncryptablePropertySourceConverter - Skipping PropertySource configurationProperties [class org.springframework.boot.context.properties.source.ConfigurationPropertySourcesPropertySource
2025-07-23 19:58:03 [main] INFO  c.u.j.EncryptablePropertySourceConverter - Skipping PropertySource servletConfigInitParams [class org.springframework.core.env.PropertySource$StubPropertySource
2025-07-23 19:58:03 [main] INFO  c.u.j.EncryptablePropertySourceConverter - Converting PropertySource servletContextInitParams [org.springframework.web.context.support.ServletContextPropertySource] to EncryptableEnumerablePropertySourceWrapper
2025-07-23 19:58:03 [main] INFO  c.devtoolkit.DevToolkitApplication - Started DevToolkitApplication in 0.807 seconds (process running for 0.935)
2025-07-23 20:00:53 [http-nio-8080-exec-1] INFO  o.a.c.c.C.[.[localhost].[/api] - Initializing Spring DispatcherServlet 'dispatcherServlet'
2025-07-23 20:00:53 [http-nio-8080-exec-1] INFO  o.s.web.servlet.DispatcherServlet - Initializing Servlet 'dispatcherServlet'
2025-07-23 20:00:53 [http-nio-8080-exec-1] INFO  o.s.web.servlet.DispatcherServlet - Completed initialization in 11 ms
